[0m15:39:45.429129 [debug] [MainThread]: Sending event: {'category': 'dbt', 'action': 'invocation', 'label': 'start', 'context': [<snowplow_tracker.self_describing_json.SelfDescribingJson object at 0x7fc6f76317c0>, <snowplow_tracker.self_describing_json.SelfDescribingJson object at 0x7fc6f577c3b0>, <snowplow_tracker.self_describing_json.SelfDescribingJson object at 0x7fc6f61b1580>]}


============================== 15:39:45.436110 | 40074a00-8f5c-4e9d-9b67-1afb2a956cd2 ==============================
[0m15:39:45.436110 [info ] [MainThread]: Running with dbt=1.10.15
[0m15:39:45.437922 [debug] [MainThread]: running dbt with arguments {'warn_error_options': 'WarnErrorOptionsV2(error=[], warn=[], silence=[])', 'send_anonymous_usage_stats': 'True', 'log_cache_events': 'False', 'printer_width': '80', 'fail_fast': 'False', 'partial_parse': 'True', 'debug': 'False', 'cache_selected_only': 'False', 'log_format': 'default', 'static_parser': 'True', 'empty': 'None', 'no_print': 'None', 'log_path': 'logs', 'target_path': 'None', 'quiet': 'False', 'invocation_command': 'dbt init mbdp_dbt_project', 'introspect': 'True', 'version_check': 'True', 'write_json': 'True', 'profiles_dir': '/home/airflow/.dbt', 'use_experimental_parser': 'False', 'indirect_selection': 'eager', 'use_colors': 'True', 'warn_error': 'None'}
[0m15:39:45.453740 [info ] [MainThread]: Creating dbt configuration folder at /home/airflow/.dbt
[0m15:39:45.457760 [debug] [MainThread]: Starter project path: /home/airflow/.local/lib/python3.12/site-packages/dbt/include/starter_project
[0m15:39:45.481037 [info ] [MainThread]: 
Your new dbt project "mbdp_dbt_project" was created!

For more information on how to configure the profiles.yml file,
please consult the dbt documentation here:

  https://docs.getdbt.com/docs/configure-your-profile

One more thing:

Need help? Don't hesitate to reach out to us via GitHub issues or on Slack:

  https://community.getdbt.com/

Happy modeling!

[0m15:39:45.481918 [info ] [MainThread]: Setting up your profile.
[0m15:41:45.369094 [info ] [MainThread]: Profile mbdp_dbt_project written to /home/airflow/.dbt/profiles.yml using target's profile_template.yml and your supplied values. Run 'dbt debug' to validate the connection.
[0m15:41:45.371456 [debug] [MainThread]: Resource report: {"command_name": "init", "command_success": true, "command_wall_clock_time": 119.99571, "process_in_blocks": "352", "process_kernel_time": 0.152976, "process_mem_max_rss": "107864", "process_out_blocks": "20", "process_user_time": 1.96121}
[0m15:41:45.372708 [debug] [MainThread]: Command `dbt init` succeeded at 15:41:45.372526 after 120.00 seconds
[0m15:41:45.373748 [debug] [MainThread]: Sending event: {'category': 'dbt', 'action': 'invocation', 'label': 'end', 'context': [<snowplow_tracker.self_describing_json.SelfDescribingJson object at 0x7fc6f59ccf50>, <snowplow_tracker.self_describing_json.SelfDescribingJson object at 0x7fc6f577c3b0>, <snowplow_tracker.self_describing_json.SelfDescribingJson object at 0x7fc6f43ce300>]}
[0m15:41:45.374852 [debug] [MainThread]: Flushing usage events
[0m15:41:51.804850 [debug] [MainThread]: An error was encountered while trying to flush usage events
[0m15:42:04.121978 [debug] [MainThread]: Sending event: {'category': 'dbt', 'action': 'invocation', 'label': 'start', 'context': [<snowplow_tracker.self_describing_json.SelfDescribingJson object at 0x7efeb7d80a10>, <snowplow_tracker.self_describing_json.SelfDescribingJson object at 0x7efeb4a282f0>, <snowplow_tracker.self_describing_json.SelfDescribingJson object at 0x7efeb3decbf0>]}


============================== 15:42:04.129110 | 609cba26-4e9b-43f2-8cdb-89256925270b ==============================
[0m15:42:04.129110 [info ] [MainThread]: Running with dbt=1.10.15
[0m15:42:04.130650 [debug] [MainThread]: running dbt with arguments {'quiet': 'False', 'debug': 'False', 'write_json': 'True', 'fail_fast': 'False', 'printer_width': '80', 'empty': 'None', 'send_anonymous_usage_stats': 'True', 'cache_selected_only': 'False', 'static_parser': 'True', 'log_path': 'logs', 'version_check': 'True', 'invocation_command': 'dbt debug', 'partial_parse': 'True', 'introspect': 'True', 'warn_error_options': 'WarnErrorOptionsV2(error=[], warn=[], silence=[])', 'warn_error': 'None', 'profiles_dir': '/home/airflow/.dbt', 'target_path': 'None', 'indirect_selection': 'eager', 'no_print': 'None', 'log_format': 'default', 'use_colors': 'True', 'log_cache_events': 'False', 'use_experimental_parser': 'False'}
[0m15:42:04.148917 [info ] [MainThread]: dbt version: 1.10.15
[0m15:42:04.150034 [info ] [MainThread]: python version: 3.12.2
[0m15:42:04.151089 [info ] [MainThread]: python path: /home/airflow/.local/bin/python
[0m15:42:04.152116 [info ] [MainThread]: os info: Linux-6.10.14-linuxkit-x86_64-with-glibc2.36
[0m15:42:04.208509 [info ] [MainThread]: Using profiles dir at /home/airflow/.dbt
[0m15:42:04.209659 [info ] [MainThread]: Using profiles.yml file at /home/airflow/.dbt/profiles.yml
[0m15:42:04.211197 [info ] [MainThread]: Using dbt_project.yml file at /opt/airflow/dbt/dbt_project.yml
[0m15:42:04.213586 [info ] [MainThread]: adapter type: postgres
[0m15:42:04.214862 [info ] [MainThread]: adapter version: 1.9.1
[0m15:42:04.216205 [info ] [MainThread]: Configuration:
[0m15:42:04.217744 [info ] [MainThread]:   profiles.yml file [[32mOK found and valid[0m]
[0m15:42:04.218734 [info ] [MainThread]:   dbt_project.yml file [[31mERROR not found[0m]
[0m15:42:04.220259 [info ] [MainThread]: Required dependencies:
[0m15:42:04.221973 [debug] [MainThread]: Executing "git --help"
[0m15:42:04.224962 [info ] [MainThread]:  - git [[31mERROR[0m]

[0m15:42:04.226482 [info ] [MainThread]: Connection:
[0m15:42:04.227878 [info ] [MainThread]:   host: localhost
[0m15:42:04.228721 [info ] [MainThread]:   port: 5432
[0m15:42:04.229496 [info ] [MainThread]:   user: airflow
[0m15:42:04.230271 [info ] [MainThread]:   database: airflow
[0m15:42:04.230967 [info ] [MainThread]:   schema: dbt_schema
[0m15:42:04.231796 [info ] [MainThread]:   connect_timeout: 10
[0m15:42:04.232816 [info ] [MainThread]:   role: None
[0m15:42:04.234122 [info ] [MainThread]:   search_path: None
[0m15:42:04.235551 [info ] [MainThread]:   keepalives_idle: 0
[0m15:42:04.237105 [info ] [MainThread]:   sslmode: None
[0m15:42:04.238410 [info ] [MainThread]:   sslcert: None
[0m15:42:04.239211 [info ] [MainThread]:   sslkey: None
[0m15:42:04.240579 [info ] [MainThread]:   sslrootcert: None
[0m15:42:04.241958 [info ] [MainThread]:   application_name: dbt
[0m15:42:04.242748 [info ] [MainThread]:   retries: 1
[0m15:42:04.243673 [info ] [MainThread]: Registered adapter: postgres=1.9.1
[0m15:42:04.330632 [debug] [MainThread]: Acquiring new postgres connection 'debug'
[0m15:42:04.366721 [debug] [MainThread]: Using postgres connection "debug"
[0m15:42:04.368037 [debug] [MainThread]: On debug: select 1 as id
[0m15:42:04.369263 [debug] [MainThread]: Opening a new connection, currently in state init
[0m15:42:04.371196 [debug] [MainThread]: Postgres adapter: Got a retryable error when attempting to open a postgres connection.
1 attempts remaining. Retrying in 0 seconds.
Error:
connection to server at "localhost" (::1), port 5432 failed: Connection refused
	Is the server running on that host and accepting TCP/IP connections?
connection to server at "localhost" (127.0.0.1), port 5432 failed: Connection refused
	Is the server running on that host and accepting TCP/IP connections?

[0m15:42:04.373760 [debug] [MainThread]: Postgres adapter: Error running SQL: select 1 as id
[0m15:42:04.374832 [debug] [MainThread]: Postgres adapter: Rolling back transaction.
[0m15:42:04.375602 [debug] [MainThread]: On debug: No close available on handle
[0m15:42:04.376358 [info ] [MainThread]:   Connection test: [[31mERROR[0m]

[0m15:42:04.377316 [info ] [MainThread]: [31m3 checks failed:[0m
[0m15:42:04.378779 [info ] [MainThread]: Project loading failed for the following reason:
 project path </opt/airflow/dbt/dbt_project.yml> not found

[0m15:42:04.380922 [info ] [MainThread]: Error from git --help: User does not have permissions for this command: "git"

[0m15:42:04.382654 [info ] [MainThread]: dbt was unable to connect to the specified database.
The database returned the following error:

  >Database Error
  connection to server at "localhost" (::1), port 5432 failed: Connection refused
  	Is the server running on that host and accepting TCP/IP connections?
  connection to server at "localhost" (127.0.0.1), port 5432 failed: Connection refused
  	Is the server running on that host and accepting TCP/IP connections?
  

Check your database credentials and try again. For more information, visit:
https://docs.getdbt.com/docs/configure-your-profile


[0m15:42:04.385709 [debug] [MainThread]: Resource report: {"command_name": "debug", "command_success": false, "command_wall_clock_time": 0.3161873, "process_in_blocks": "2168", "process_kernel_time": 0.207648, "process_mem_max_rss": "113344", "process_out_blocks": "18", "process_user_time": 2.092519}
[0m15:42:04.386956 [debug] [MainThread]: Command `dbt debug` failed at 15:42:04.386771 after 0.32 seconds
[0m15:42:04.389143 [debug] [MainThread]: Connection 'debug' was properly closed.
[0m15:42:04.390923 [debug] [MainThread]: Sending event: {'category': 'dbt', 'action': 'invocation', 'label': 'end', 'context': [<snowplow_tracker.self_describing_json.SelfDescribingJson object at 0x7efeb4884e60>, <snowplow_tracker.self_describing_json.SelfDescribingJson object at 0x7efeb3a5f7a0>, <snowplow_tracker.self_describing_json.SelfDescribingJson object at 0x7efeb3d87bf0>]}
[0m15:42:04.392848 [debug] [MainThread]: Flushing usage events
[0m15:42:05.607059 [debug] [MainThread]: An error was encountered while trying to flush usage events
[0m16:25:35.775877 [debug] [MainThread]: Sending event: {'category': 'dbt', 'action': 'invocation', 'label': 'start', 'context': [<snowplow_tracker.self_describing_json.SelfDescribingJson object at 0x7f1cfa907470>, <snowplow_tracker.self_describing_json.SelfDescribingJson object at 0x7f1cf92c2420>, <snowplow_tracker.self_describing_json.SelfDescribingJson object at 0x7f1cf9c597c0>]}


============================== 16:25:35.782618 | 09101490-d9f6-4d3a-b824-6c368dd3756f ==============================
[0m16:25:35.782618 [info ] [MainThread]: Running with dbt=1.10.15
[0m16:25:35.784120 [debug] [MainThread]: running dbt with arguments {'log_path': 'logs', 'use_experimental_parser': 'False', 'write_json': 'True', 'send_anonymous_usage_stats': 'True', 'log_format': 'default', 'invocation_command': 'dbt debug', 'no_print': 'None', 'introspect': 'True', 'static_parser': 'True', 'fail_fast': 'False', 'warn_error': 'None', 'debug': 'False', 'empty': 'None', 'partial_parse': 'True', 'warn_error_options': 'WarnErrorOptionsV2(error=[], warn=[], silence=[])', 'indirect_selection': 'eager', 'use_colors': 'True', 'log_cache_events': 'False', 'printer_width': '80', 'profiles_dir': '/opt/airflow/dbt', 'cache_selected_only': 'False', 'target_path': 'None', 'quiet': 'False', 'version_check': 'True'}
[0m16:25:35.799213 [info ] [MainThread]: dbt version: 1.10.15
[0m16:25:35.800314 [info ] [MainThread]: python version: 3.12.2
[0m16:25:35.801722 [info ] [MainThread]: python path: /home/airflow/.local/bin/python
[0m16:25:35.802897 [info ] [MainThread]: os info: Linux-6.10.14-linuxkit-x86_64-with-glibc2.36
[0m16:25:35.804484 [error] [MainThread]: Encountered an error:
Runtime Error
  Syntax error near line 2
  ------------------------------
  1  | cat <<EOF > /opt/airflow/dbt/profiles.yml
  2  | my_dbt_project:
  3  |   outputs:
  4  |     dev:
  5  |       type: postgres
  
  Raw Error:
  ------------------------------
  mapping values are not allowed in this context
    in "<unicode string>", line 2, column 15
[0m16:25:35.806266 [debug] [MainThread]: Resource report: {"command_name": "debug", "command_success": false, "command_wall_clock_time": 0.036083046, "process_in_blocks": "0", "process_kernel_time": 0.188233, "process_mem_max_rss": "103980", "process_out_blocks": "4", "process_user_time": 2.054827}
[0m16:25:35.807560 [debug] [MainThread]: Command `dbt debug` failed at 16:25:35.807339 after 0.04 seconds
[0m16:25:35.808753 [debug] [MainThread]: Sending event: {'category': 'dbt', 'action': 'invocation', 'label': 'end', 'context': [<snowplow_tracker.self_describing_json.SelfDescribingJson object at 0x7f1cf92c2420>, <snowplow_tracker.self_describing_json.SelfDescribingJson object at 0x7f1cfa907470>, <snowplow_tracker.self_describing_json.SelfDescribingJson object at 0x7f1cf930d670>]}
[0m16:25:35.810245 [debug] [MainThread]: Flushing usage events
[0m16:25:37.239987 [debug] [MainThread]: An error was encountered while trying to flush usage events
